d:\data\darknetall\darknetvspro\darknet\x64\debug\darknet.pch
d:\data\darknetall\darknetvspro\darknet\x64\debug\vc142.pdb
d:\data\darknetall\darknetvspro\darknet\x64\debug\vc142.idb
d:\data\darknetall\darknetvspro\darknet\x64\debug\pch.obj
d:\data\darknetall\darknetvspro\darknet\x64\debug\gemm.obj
d:\data\darknetall\darknetvspro\darknet\x64\debug\dropout_layer.obj
d:\data\darknetall\darknetvspro\darknet\x64\debug\detection_layer.obj
d:\data\darknetall\darknetvspro\darknet\x64\debug\demo.obj
d:\data\darknetall\darknetvspro\darknet\x64\debug\deconvolutional_layer.obj
d:\data\darknetall\darknetvspro\darknet\x64\debug\data.obj
d:\data\darknetall\darknetvspro\darknet\x64\debug\cuda.obj
d:\data\darknetall\darknetvspro\darknet\x64\debug\crop_layer.obj
d:\data\darknetall\darknetvspro\darknet\x64\debug\crnn_layer.obj
d:\data\darknetall\darknetvspro\darknet\x64\debug\cost_layer.obj
d:\data\darknetall\darknetvspro\darknet\x64\debug\convolutional_layer.obj
d:\data\darknetall\darknetvspro\darknet\x64\debug\connected_layer.obj
d:\data\darknetall\darknetvspro\darknet\x64\debug\compare.obj
d:\data\darknetall\darknetvspro\darknet\x64\debug\col2im.obj
d:\data\darknetall\darknetvspro\darknet\x64\debug\box.obj
d:\data\darknetall\darknetvspro\darknet\x64\debug\blas.obj
d:\data\darknetall\darknetvspro\darknet\x64\debug\batchnorm_layer.obj
d:\data\darknetall\darknetvspro\darknet\x64\debug\avgpool_layer.obj
d:\data\darknetall\darknetvspro\darknet\x64\debug\activation_layer.obj
d:\data\darknetall\darknetvspro\darknet\x64\debug\activations.obj
d:\data\darknetall\darknetvspro\darknet\x64\debug\route_layer.obj
d:\data\darknetall\darknetvspro\darknet\x64\debug\rnn_layer.obj
d:\data\darknetall\darknetvspro\darknet\x64\debug\reorg_layer.obj
d:\data\darknetall\darknetvspro\darknet\x64\debug\region_layer.obj
d:\data\darknetall\darknetvspro\darknet\x64\debug\parser.obj
d:\data\darknetall\darknetvspro\darknet\x64\debug\option_list.obj
d:\data\darknetall\darknetvspro\darknet\x64\debug\normalization_layer.obj
d:\data\darknetall\darknetvspro\darknet\x64\debug\network.obj
d:\data\darknetall\darknetvspro\darknet\x64\debug\maxpool_layer.obj
d:\data\darknetall\darknetvspro\darknet\x64\debug\matrix.obj
d:\data\darknetall\darknetvspro\darknet\x64\debug\lstm_layer.obj
d:\data\darknetall\darknetvspro\darknet\x64\debug\logistic_layer.obj
d:\data\darknetall\darknetvspro\darknet\x64\debug\local_layer.obj
d:\data\darknetall\darknetvspro\darknet\x64\debug\list.obj
d:\data\darknetall\darknetvspro\darknet\x64\debug\layer.obj
d:\data\darknetall\darknetvspro\darknet\x64\debug\l2norm_layer.obj
d:\data\darknetall\darknetvspro\darknet\x64\debug\iseg_layer.obj
d:\data\darknetall\darknetvspro\darknet\x64\debug\image.obj
d:\data\darknetall\darknetvspro\darknet\x64\debug\im2col.obj
d:\data\darknetall\darknetvspro\darknet\x64\debug\gru_layer.obj
d:\data\darknetall\darknetvspro\darknet\x64\debug\yolo_layer.obj
d:\data\darknetall\darknetvspro\darknet\x64\debug\utils.obj
d:\data\darknetall\darknetvspro\darknet\x64\debug\upsample_layer.obj
d:\data\darknetall\darknetvspro\darknet\x64\debug\tree.obj
d:\data\darknetall\darknetvspro\darknet\x64\debug\softmax_layer.obj
d:\data\darknetall\darknetvspro\darknet\x64\debug\shortcut_layer.obj
d:\data\darknetall\darknetvspro\darknet\x64\debug\memorymanager.obj
d:\data\darknetall\darknetvspro\darknet\x64\debug\image_opencv.obj
x64\debug\activation_kernels.cu.obj
x64\debug\avgpool_layer_kernels.cu.obj
x64\debug\blas_kernels.cu.obj
x64\debug\col2im_kernels.cu.obj
x64\debug\convolutional_kernels.cu.obj
x64\debug\crop_layer_kernels.cu.obj
x64\debug\deconvolutional_kernels.cu.obj
x64\debug\dropout_layer_kernels.cu.obj
x64\debug\im2col_kernels.cu.obj
x64\debug\maxpool_layer_kernels.cu.obj
d:\data\darknetall\darknetvspro\x64\debug\darknet.lib
d:\data\darknetall\darknetvspro\x64\debug\darknet.exp
d:\data\darknetall\darknetvspro\x64\debug\darknet.ilk
d:\data\darknetall\darknetvspro\x64\debug\darknet.dll
d:\data\darknetall\darknetvspro\x64\debug\darknet.pdb
d:\data\darknetall\darknetvspro\darknet\x64\debug\activation_kernels.cu.cache
d:\data\darknetall\darknetvspro\darknet\x64\debug\avgpool_layer_kernels.cu.cache
d:\data\darknetall\darknetvspro\darknet\x64\debug\blas_kernels.cu.cache
d:\data\darknetall\darknetvspro\darknet\x64\debug\col2im_kernels.cu.cache
d:\data\darknetall\darknetvspro\darknet\x64\debug\convolutional_kernels.cu.cache
d:\data\darknetall\darknetvspro\darknet\x64\debug\crop_layer_kernels.cu.cache
d:\data\darknetall\darknetvspro\darknet\x64\debug\deconvolutional_kernels.cu.cache
d:\data\darknetall\darknetvspro\darknet\x64\debug\dropout_layer_kernels.cu.cache
d:\data\darknetall\darknetvspro\darknet\x64\debug\im2col_kernels.cu.cache
d:\data\darknetall\darknetvspro\darknet\x64\debug\maxpool_layer_kernels.cu.cache
d:\data\darknetall\darknetvspro\darknet\x64\debug\activation_kernels.cu.obj
d:\data\darknetall\darknetvspro\darknet\x64\debug\avgpool_layer_kernels.cu.obj
d:\data\darknetall\darknetvspro\darknet\x64\debug\blas_kernels.cu.obj
d:\data\darknetall\darknetvspro\darknet\x64\debug\col2im_kernels.cu.obj
d:\data\darknetall\darknetvspro\darknet\x64\debug\convolutional_kernels.cu.obj
d:\data\darknetall\darknetvspro\darknet\x64\debug\crop_layer_kernels.cu.obj
d:\data\darknetall\darknetvspro\darknet\x64\debug\deconvolutional_kernels.cu.obj
d:\data\darknetall\darknetvspro\darknet\x64\debug\dropout_layer_kernels.cu.obj
d:\data\darknetall\darknetvspro\darknet\x64\debug\im2col_kernels.cu.obj
d:\data\darknetall\darknetvspro\darknet\x64\debug\maxpool_layer_kernels.cu.obj
d:\data\darknetall\darknetvspro\darknet\x64\debug\darknet.tlog\cl.command.1.tlog
d:\data\darknetall\darknetvspro\darknet\x64\debug\darknet.tlog\cl.read.1.tlog
d:\data\darknetall\darknetvspro\darknet\x64\debug\darknet.tlog\cl.write.1.tlog
d:\data\darknetall\darknetvspro\darknet\x64\debug\darknet.tlog\cudacompile.read.1u.tlog
d:\data\darknetall\darknetvspro\darknet\x64\debug\darknet.tlog\cudacompile.write.1u.tlog
d:\data\darknetall\darknetvspro\darknet\x64\debug\darknet.tlog\darknet.write.1u.tlog
d:\data\darknetall\darknetvspro\darknet\x64\debug\darknet.tlog\link.command.1.tlog
d:\data\darknetall\darknetvspro\darknet\x64\debug\darknet.tlog\link.read.1.tlog
d:\data\darknetall\darknetvspro\darknet\x64\debug\darknet.tlog\link.write.1.tlog
