d:\data\darknetall\darknetvspro\darknetvspro\x64\debug\vc141.pdb
d:\data\darknetall\darknetvspro\darknetvspro\x64\debug\vc141.idb
d:\data\darknetall\darknetvspro\darknetvspro\x64\debug\tag.obj
d:\data\darknetall\darknetvspro\darknetvspro\x64\debug\super.obj
d:\data\darknetall\darknetvspro\darknetvspro\x64\debug\segmenter.obj
d:\data\darknetall\darknetvspro\darknetvspro\x64\debug\rnn.obj
d:\data\darknetall\darknetvspro\darknetvspro\x64\debug\regressor.obj
d:\data\darknetall\darknetvspro\darknetvspro\x64\debug\lsd.obj
d:\data\darknetall\darknetvspro\darknetvspro\x64\debug\instance-segmenter.obj
d:\data\darknetall\darknetvspro\darknetvspro\x64\debug\captcha.obj
d:\data\darknetall\darknetvspro\darknetvspro\x64\debug\art.obj
d:\data\darknetall\darknetvspro\darknetvspro\x64\debug\attention.obj
d:\data\darknetall\darknetvspro\darknetvspro\x64\debug\dice.obj
d:\data\darknetall\darknetvspro\darknetvspro\x64\debug\writing.obj
d:\data\darknetall\darknetvspro\darknetvspro\x64\debug\swag.obj
d:\data\darknetall\darknetvspro\darknetvspro\x64\debug\voxel.obj
d:\data\darknetall\darknetvspro\darknetvspro\x64\debug\go.obj
d:\data\darknetall\darknetvspro\x64\debug\darknetvspro.ilk
d:\data\darknetall\darknetvspro\x64\debug\darknetvspro.exe
d:\data\darknetall\darknetvspro\x64\debug\darknetvspro.pdb
d:\data\darknetall\darknetvspro\darknetvspro\x64\debug\cifar.obj
d:\data\darknetall\darknetvspro\darknetvspro\x64\debug\classifier.obj
d:\data\darknetall\darknetvspro\darknetvspro\x64\debug\coco.obj
d:\data\darknetall\darknetvspro\darknetvspro\x64\debug\darknet.obj
d:\data\darknetall\darknetvspro\darknetvspro\x64\debug\detector.obj
d:\data\darknetall\darknetvspro\darknetvspro\x64\debug\nightmare.obj
d:\data\darknetall\darknetvspro\darknetvspro\x64\debug\rnn_vid.obj
d:\data\darknetall\darknetvspro\darknetvspro\x64\debug\yolo.obj
d:\data\darknetall\darknetvspro\darknetvspro\x64\debug\vc142.idb
d:\data\darknetall\darknetvspro\darknetvspro\x64\debug\vc142.pdb
d:\data\darknetall\darknetvspro\darknetvspro\x64\debug\darknetvspro.tlog\cl.command.1.tlog
d:\data\darknetall\darknetvspro\darknetvspro\x64\debug\darknetvspro.tlog\cl.write.1.tlog
d:\data\darknetall\darknetvspro\darknetvspro\x64\debug\darknetvspro.tlog\link.command.1.tlog
d:\data\darknetall\darknetvspro\darknetvspro\x64\debug\darknetvspro.tlog\link.read.1.tlog
d:\data\darknetall\darknetvspro\darknetvspro\x64\debug\darknetvspro.tlog\link.write.1.tlog
