  yolo.c
C:\Program Files\NVIDIA GPU Computing Toolkit\CUDA\v10.1\include\cuda_fp16.h(1,1): warning C4819: 该文件包含不能在当前代码页(936)中表示的字符。请将该文件保存为 Unicode 格式以防止数据丢失
D:\Data\darknetAll\darknetVsPro\darknetVsPro\yolo.c(9,18): warning C4244: “函数”: 从“time_t”转换到“unsigned int”，可能丢失数据
D:\Data\darknetAll\darknetVsPro\darknetVsPro\yolo.c(62,41): warning C4244: “=”: 从“double”转换到“float”，可能丢失数据
D:\Data\darknetAll\darknetVsPro\darknetVsPro\yolo.c(16,1): warning C4267: “初始化”: 从“size_t”转换到“int”，可能丢失数据
D:\Data\darknetAll\darknetVsPro\darknetVsPro\yolo.c(88,31): warning C4244: “=”: 从“int”转换到“float”，可能丢失数据
D:\Data\darknetAll\darknetVsPro\darknetVsPro\yolo.c(89,31): warning C4244: “=”: 从“int”转换到“float”，可能丢失数据
D:\Data\darknetAll\darknetVsPro\darknetVsPro\yolo.c(81,1): warning C4244: “初始化”: 从“double”转换到“float”，可能丢失数据
D:\Data\darknetAll\darknetVsPro\darknetVsPro\yolo.c(82,1): warning C4244: “初始化”: 从“double”转换到“float”，可能丢失数据
D:\Data\darknetAll\darknetVsPro\darknetVsPro\yolo.c(83,1): warning C4244: “初始化”: 从“double”转换到“float”，可能丢失数据
D:\Data\darknetAll\darknetVsPro\darknetVsPro\yolo.c(84,1): warning C4244: “初始化”: 从“double”转换到“float”，可能丢失数据
D:\Data\darknetAll\darknetVsPro\darknetVsPro\yolo.c(108,31): warning C4244: “=”: 从“int”转换到“float”，可能丢失数据
D:\Data\darknetAll\darknetVsPro\darknetVsPro\yolo.c(109,31): warning C4244: “=”: 从“int”转换到“float”，可能丢失数据
D:\Data\darknetAll\darknetVsPro\darknetVsPro\yolo.c(101,1): warning C4244: “初始化”: 从“double”转换到“float”，可能丢失数据
D:\Data\darknetAll\darknetVsPro\darknetVsPro\yolo.c(102,1): warning C4244: “初始化”: 从“double”转换到“float”，可能丢失数据
D:\Data\darknetAll\darknetVsPro\darknetVsPro\yolo.c(103,1): warning C4244: “初始化”: 从“double”转换到“float”，可能丢失数据
D:\Data\darknetAll\darknetVsPro\darknetVsPro\yolo.c(104,1): warning C4244: “初始化”: 从“double”转换到“float”，可能丢失数据
D:\Data\darknetAll\darknetVsPro\darknetVsPro\yolo.c(122,18): warning C4244: “函数”: 从“time_t”转换到“unsigned int”，可能丢失数据
D:\Data\darknetAll\darknetVsPro\darknetVsPro\yolo.c(145,1): warning C4305: “初始化”: 从“double”到“float”截断
D:\Data\darknetAll\darknetVsPro\darknetVsPro\yolo.c(206,18): warning C4244: “函数”: 从“time_t”转换到“unsigned int”，可能丢失数据
D:\Data\darknetAll\darknetVsPro\darknetVsPro\yolo.c(227,1): warning C4305: “初始化”: 从“double”到“float”截断
D:\Data\darknetAll\darknetVsPro\darknetVsPro\yolo.c(300,1): warning C4305: “初始化”: 从“double”到“float”截断
D:\Data\darknetAll\darknetVsPro\darknetVsPro\yolo.c(297,13): warning C4101: “time”: 未引用的局部变量
D:\Data\darknetAll\darknetVsPro\darknetVsPro\yolo.c(379,60): warning C4305: “函数”: 从“double”到“float”截断
  正在生成代码
  2 of 181 functions ( 1.1%) were compiled, the rest were copied from previous compilation.
    0 functions were new in current compilation
    2 functions had inline decision re-evaluated but remain unchanged
  已完成代码的生成
  darknetVsPro.vcxproj -> D:\Data\darknetAll\darknetVsPro\x64\Release\darknetVsPro.exe
